<?xml version="1.0" encoding="UTF-8"?>
<testsuite name="SILab2Test" tests="2" skipped="0" failures="0" errors="0" timestamp="2020-06-13T15:19:54" hostname="TT" time="0.071">
  <properties/>
  <testcase name="multipleConditionsTest()" classname="SILab2Test" time="0.049"/>
  <testcase name="everyBranchTest()" classname="SILab2Test" time="0.019"/>
  <system-out><![CDATA[]]></system-out>
  <system-err><![CDATA[]]></system-err>
</testsuite>
